2014-08-21T08:22:37-04:00 INFO - [127.0.0.1]: anho_inicio:[2014] mes_inicio:[7]
2014-08-21T08:22:37-04:00 INFO - [127.0.0.1]: anho_actual:[2014] mes_actual:[8]
2014-08-21T08:22:37-04:00 INFO - [127.0.0.1]: continuar:[NO]
2014-08-21T08:22:37-04:00 INFO - [127.0.0.1]: rango_seleccion:[Array
(
    [0] => Array
        (
            [anho] => 2014
            [mes] => 7
            [descripcion] => 2014 - Julio
            [selected] => 
        )

    [1] => Array
        (
            [anho] => 2014
            [mes] => 8
            [descripcion] => 2014 - Agosto
            [selected] => selected
        )

)
]
2014-08-21T08:25:43-04:00 INFO - [127.0.0.1]: anho_inicio:[2014] mes_inicio:[7]
2014-08-21T08:25:43-04:00 INFO - [127.0.0.1]: anho_actual:[2014] mes_actual:[8]
2014-08-21T08:25:43-04:00 INFO - [127.0.0.1]: continuar:[NO]
2014-08-21T08:25:43-04:00 INFO - [127.0.0.1]: rango_seleccion:[Array
(
    [0] => Array
        (
            [anho] => 2014
            [mes] => 7
            [descripcion] => 2014 - Julio
            [selected] => 
        )

    [1] => Array
        (
            [anho] => 2014
            [mes] => 8
            [descripcion] => 2014 - Agosto
            [selected] => selected
        )

)
]
2014-08-21T08:32:12-04:00 INFO - [127.0.0.1]: anho_inicio:[2014] mes_inicio:[7]
2014-08-21T08:32:12-04:00 INFO - [127.0.0.1]: anho_actual:[2014] mes_actual:[8]
2014-08-21T08:32:12-04:00 INFO - [127.0.0.1]: continuar:[NO]
2014-08-21T08:32:12-04:00 INFO - [127.0.0.1]: rango_seleccion:[Array
(
    [0] => Array
        (
            [anho] => 2014
            [mes] => 7
            [descripcion] => 2014 - Julio
            [selected] => 
        )

    [1] => Array
        (
            [anho] => 2014
            [mes] => 8
            [descripcion] => 2014 - Agosto
            [selected] => selected
        )

)
]
2014-08-21T08:32:23-04:00 INFO - [127.0.0.1]: anho_inicio:[2014] mes_inicio:[7]
2014-08-21T08:32:23-04:00 INFO - [127.0.0.1]: anho_actual:[2014] mes_actual:[8]
2014-08-21T08:32:23-04:00 INFO - [127.0.0.1]: continuar:[NO]
2014-08-21T08:32:23-04:00 INFO - [127.0.0.1]: rango_seleccion:[Array
(
    [0] => Array
        (
            [anho] => 2014
            [mes] => 7
            [descripcion] => 2014 - Julio
            [selected] => selected
        )

    [1] => Array
        (
            [anho] => 2014
            [mes] => 8
            [descripcion] => 2014 - Agosto
            [selected] => 
        )

)
]
2014-08-21T08:32:39-04:00 INFO - [127.0.0.1]: anho_inicio:[2014] mes_inicio:[7]
2014-08-21T08:32:39-04:00 INFO - [127.0.0.1]: anho_actual:[2014] mes_actual:[8]
2014-08-21T08:32:39-04:00 INFO - [127.0.0.1]: continuar:[NO]
2014-08-21T08:32:39-04:00 INFO - [127.0.0.1]: rango_seleccion:[Array
(
    [0] => Array
        (
            [anho] => 2014
            [mes] => 7
            [descripcion] => 2014 - Julio
            [selected] => 
        )

    [1] => Array
        (
            [anho] => 2014
            [mes] => 8
            [descripcion] => 2014 - Agosto
            [selected] => selected
        )

)
]
2014-08-21T09:19:09-04:00 INFO - [127.0.0.1]: anho_inicio:[2014] mes_inicio:[7]
2014-08-21T09:19:09-04:00 INFO - [127.0.0.1]: anho_actual:[2014] mes_actual:[8]
2014-08-21T09:19:09-04:00 INFO - [127.0.0.1]: continuar:[NO]
2014-08-21T09:19:09-04:00 INFO - [127.0.0.1]: rango_seleccion:[Array
(
    [0] => Array
        (
            [anho] => 2014
            [mes] => 7
            [descripcion] => 2014 - Julio
            [selected] => 
        )

    [1] => Array
        (
            [anho] => 2014
            [mes] => 8
            [descripcion] => 2014 - Agosto
            [selected] => selected
        )

)
]
2014-08-21T10:28:54-04:00 INFO - [127.0.0.1]: index
2014-08-21T10:28:56-04:00 INFO - [127.0.0.1]: LOGIN:[daas]
2014-08-21T10:28:56-04:00 INFO - [127.0.0.1]: anho_inicio:[2014] mes_inicio:[7]
2014-08-21T10:28:56-04:00 INFO - [127.0.0.1]: anho_actual:[2014] mes_actual:[8]
2014-08-21T10:28:56-04:00 INFO - [127.0.0.1]: continuar:[NO]
2014-08-21T10:28:56-04:00 INFO - [127.0.0.1]: rango_seleccion:[Array
(
    [0] => Array
        (
            [anho] => 2014
            [mes] => 7
            [descripcion] => 2014 - Julio
            [selected] => 
        )

    [1] => Array
        (
            [anho] => 2014
            [mes] => 8
            [descripcion] => 2014 - Agosto
            [selected] => selected
        )

)
]
2014-08-21T10:31:24-04:00 INFO - [127.0.0.1]: anho_inicio:[2014] mes_inicio:[7]
2014-08-21T10:31:24-04:00 INFO - [127.0.0.1]: anho_actual:[2014] mes_actual:[8]
2014-08-21T10:31:24-04:00 INFO - [127.0.0.1]: continuar:[NO]
2014-08-21T10:31:24-04:00 INFO - [127.0.0.1]: rango_seleccion:[Array
(
    [0] => Array
        (
            [anho] => 2014
            [mes] => 7
            [descripcion] => 2014 - Julio
            [selected] => 
        )

    [1] => Array
        (
            [anho] => 2014
            [mes] => 8
            [descripcion] => 2014 - Agosto
            [selected] => selected
        )

)
]
2014-08-21T10:32:01-04:00 INFO - [127.0.0.1]: LOGIN:[daas]
2014-08-21T10:32:01-04:00 INFO - [127.0.0.1]: anho_inicio:[2014] mes_inicio:[7]
2014-08-21T10:32:01-04:00 INFO - [127.0.0.1]: anho_actual:[2014] mes_actual:[8]
2014-08-21T10:32:01-04:00 INFO - [127.0.0.1]: continuar:[NO]
2014-08-21T10:32:01-04:00 INFO - [127.0.0.1]: rango_seleccion:[Array
(
    [0] => Array
        (
            [anho] => 2014
            [mes] => 7
            [descripcion] => 2014 - Julio
            [selected] => 
        )

    [1] => Array
        (
            [anho] => 2014
            [mes] => 8
            [descripcion] => 2014 - Agosto
            [selected] => selected
        )

)
]
2014-08-21T10:32:24-04:00 INFO - [127.0.0.1]: LOGIN:[daas]
2014-08-21T10:32:24-04:00 INFO - [127.0.0.1]: anho_inicio:[2014] mes_inicio:[7]
2014-08-21T10:32:24-04:00 INFO - [127.0.0.1]: anho_actual:[2014] mes_actual:[8]
2014-08-21T10:32:24-04:00 INFO - [127.0.0.1]: continuar:[NO]
2014-08-21T10:32:24-04:00 INFO - [127.0.0.1]: rango_seleccion:[Array
(
    [0] => Array
        (
            [anho] => 2014
            [mes] => 7
            [descripcion] => 2014 - Julio
            [selected] => 
        )

    [1] => Array
        (
            [anho] => 2014
            [mes] => 8
            [descripcion] => 2014 - Agosto
            [selected] => selected
        )

)
]
2014-08-21T10:33:14-04:00 INFO - [127.0.0.1]: anho_inicio:[2014] mes_inicio:[7]
2014-08-21T10:33:14-04:00 INFO - [127.0.0.1]: anho_actual:[2014] mes_actual:[8]
2014-08-21T10:33:14-04:00 INFO - [127.0.0.1]: continuar:[NO]
2014-08-21T10:33:14-04:00 INFO - [127.0.0.1]: rango_seleccion:[Array
(
    [0] => Array
        (
            [anho] => 2014
            [mes] => 7
            [descripcion] => 2014 - Julio
            [selected] => 
        )

    [1] => Array
        (
            [anho] => 2014
            [mes] => 8
            [descripcion] => 2014 - Agosto
            [selected] => selected
        )

)
]
2014-08-21T10:35:14-04:00 INFO - [127.0.0.1]: LOGIN:[daas]
2014-08-21T10:35:14-04:00 INFO - [127.0.0.1]: anho_inicio:[2014] mes_inicio:[7]
2014-08-21T10:35:14-04:00 INFO - [127.0.0.1]: anho_actual:[2014] mes_actual:[8]
2014-08-21T10:35:14-04:00 INFO - [127.0.0.1]: continuar:[NO]
2014-08-21T10:35:14-04:00 INFO - [127.0.0.1]: rango_seleccion:[Array
(
    [0] => Array
        (
            [anho] => 2014
            [mes] => 7
            [descripcion] => 2014 - Julio
            [selected] => 
        )

    [1] => Array
        (
            [anho] => 2014
            [mes] => 8
            [descripcion] => 2014 - Agosto
            [selected] => selected
        )

)
]
2014-08-21T10:36:52-04:00 INFO - [127.0.0.1]: anho_inicio:[2014] mes_inicio:[7]
2014-08-21T10:36:52-04:00 INFO - [127.0.0.1]: anho_actual:[2014] mes_actual:[8]
2014-08-21T10:36:52-04:00 INFO - [127.0.0.1]: continuar:[NO]
2014-08-21T10:36:52-04:00 INFO - [127.0.0.1]: rango_seleccion:[Array
(
    [0] => Array
        (
            [anho] => 2014
            [mes] => 7
            [descripcion] => 2014 - Julio
            [selected] => 
        )

    [1] => Array
        (
            [anho] => 2014
            [mes] => 8
            [descripcion] => 2014 - Agosto
            [selected] => selected
        )

)
]
2014-08-21T12:42:15-04:00 INFO - [127.0.0.1]: anho_inicio:[2014] mes_inicio:[7]
2014-08-21T12:42:15-04:00 INFO - [127.0.0.1]: anho_actual:[2014] mes_actual:[8]
2014-08-21T12:42:15-04:00 INFO - [127.0.0.1]: continuar:[NO]
2014-08-21T12:42:15-04:00 INFO - [127.0.0.1]: rango_seleccion:[Array
(
    [0] => Array
        (
            [anho] => 2014
            [mes] => 7
            [descripcion] => 2014 - Julio
            [selected] => 
        )

    [1] => Array
        (
            [anho] => 2014
            [mes] => 8
            [descripcion] => 2014 - Agosto
            [selected] => selected
        )

)
]
2014-08-21T12:52:46-04:00 INFO - [127.0.0.1]: anho_inicio:[2014] mes_inicio:[7]
2014-08-21T12:52:46-04:00 INFO - [127.0.0.1]: anho_actual:[2014] mes_actual:[8]
2014-08-21T12:52:46-04:00 INFO - [127.0.0.1]: continuar:[NO]
2014-08-21T12:52:46-04:00 INFO - [127.0.0.1]: rango_seleccion:[Array
(
    [0] => Array
        (
            [anho] => 2014
            [mes] => 7
            [descripcion] => 2014 - Julio
            [selected] => 
        )

    [1] => Array
        (
            [anho] => 2014
            [mes] => 8
            [descripcion] => 2014 - Agosto
            [selected] => selected
        )

)
]
2014-08-21T12:59:33-04:00 INFO - [127.0.0.1]: anho_inicio:[2014] mes_inicio:[7]
2014-08-21T12:59:33-04:00 INFO - [127.0.0.1]: anho_actual:[2014] mes_actual:[8]
2014-08-21T12:59:33-04:00 INFO - [127.0.0.1]: continuar:[NO]
2014-08-21T12:59:33-04:00 INFO - [127.0.0.1]: rango_seleccion:[Array
(
    [0] => Array
        (
            [anho] => 2014
            [mes] => 7
            [descripcion] => 2014 - Julio
            [selected] => 
        )

    [1] => Array
        (
            [anho] => 2014
            [mes] => 8
            [descripcion] => 2014 - Agosto
            [selected] => selected
        )

)
]
2014-08-21T13:00:52-04:00 INFO - [127.0.0.1]: anho_inicio:[2014] mes_inicio:[7]
2014-08-21T13:00:52-04:00 INFO - [127.0.0.1]: anho_actual:[2014] mes_actual:[8]
2014-08-21T13:00:52-04:00 INFO - [127.0.0.1]: continuar:[NO]
2014-08-21T13:00:52-04:00 INFO - [127.0.0.1]: rango_seleccion:[Array
(
    [0] => Array
        (
            [anho] => 2014
            [mes] => 7
            [descripcion] => 2014 - Julio
            [selected] => 
        )

    [1] => Array
        (
            [anho] => 2014
            [mes] => 8
            [descripcion] => 2014 - Agosto
            [selected] => selected
        )

)
]
2014-08-21T13:01:53-04:00 INFO - [127.0.0.1]: anho_inicio:[2014] mes_inicio:[7]
2014-08-21T13:01:53-04:00 INFO - [127.0.0.1]: anho_actual:[2014] mes_actual:[8]
2014-08-21T13:01:53-04:00 INFO - [127.0.0.1]: continuar:[NO]
2014-08-21T13:01:53-04:00 INFO - [127.0.0.1]: rango_seleccion:[Array
(
    [0] => Array
        (
            [anho] => 2014
            [mes] => 7
            [descripcion] => 2014 - Julio
            [selected] => 
        )

    [1] => Array
        (
            [anho] => 2014
            [mes] => 8
            [descripcion] => 2014 - Agosto
            [selected] => selected
        )

)
]
