2014-08-20T10:46:58-04:00 INFO - [127.0.0.1]: anho_inicio:[2014] mes_inicio:[7]
2014-08-20T10:46:58-04:00 INFO - [127.0.0.1]: anho_actual:[2014] mes_actual:[8]
2014-08-20T10:46:58-04:00 INFO - [127.0.0.1]: continuar:[NO]
2014-08-20T10:46:58-04:00 INFO - [127.0.0.1]: rango_seleccion:[Array
(
    [0] => Array
        (
            [anho] => 2014
            [mes] => 7
            [descripcion] => 2014 - Julio
            [selected] => 
        )

    [1] => Array
        (
            [anho] => 2014
            [mes] => 8
            [descripcion] => 2014 - Agosto
            [selected] => selected
        )

)
]
2014-08-20T10:48:12-04:00 INFO - [127.0.0.1]: anho_inicio:[2014] mes_inicio:[7]
2014-08-20T10:48:12-04:00 INFO - [127.0.0.1]: anho_actual:[2014] mes_actual:[8]
2014-08-20T10:48:12-04:00 INFO - [127.0.0.1]: continuar:[NO]
2014-08-20T10:48:12-04:00 INFO - [127.0.0.1]: rango_seleccion:[Array
(
    [0] => Array
        (
            [anho] => 2014
            [mes] => 7
            [descripcion] => 2014 - Julio
            [selected] => 
        )

    [1] => Array
        (
            [anho] => 2014
            [mes] => 8
            [descripcion] => 2014 - Agosto
            [selected] => selected
        )

)
]
2014-08-20T10:49:13-04:00 INFO - [127.0.0.1]: anho_inicio:[2014] mes_inicio:[7]
2014-08-20T10:49:13-04:00 INFO - [127.0.0.1]: anho_actual:[2014] mes_actual:[8]
2014-08-20T10:49:13-04:00 INFO - [127.0.0.1]: continuar:[NO]
2014-08-20T10:49:13-04:00 INFO - [127.0.0.1]: rango_seleccion:[Array
(
    [0] => Array
        (
            [anho] => 2014
            [mes] => 7
            [descripcion] => 2014 - Julio
            [selected] => 
        )

    [1] => Array
        (
            [anho] => 2014
            [mes] => 8
            [descripcion] => 2014 - Agosto
            [selected] => selected
        )

)
]
2014-08-20T10:56:38-04:00 INFO - [127.0.0.1]: anho_inicio:[2014] mes_inicio:[7]
2014-08-20T10:56:38-04:00 INFO - [127.0.0.1]: anho_actual:[2014] mes_actual:[8]
2014-08-20T10:56:38-04:00 INFO - [127.0.0.1]: continuar:[NO]
2014-08-20T10:56:38-04:00 INFO - [127.0.0.1]: rango_seleccion:[Array
(
    [0] => Array
        (
            [anho] => 2014
            [mes] => 7
            [descripcion] => 2014 - Julio
            [selected] => 
        )

    [1] => Array
        (
            [anho] => 2014
            [mes] => 8
            [descripcion] => 2014 - Agosto
            [selected] => selected
        )

)
]
2014-08-20T10:59:19-04:00 INFO - [127.0.0.1]: anho_inicio:[2014] mes_inicio:[7]
2014-08-20T10:59:19-04:00 INFO - [127.0.0.1]: anho_actual:[2014] mes_actual:[8]
2014-08-20T10:59:19-04:00 INFO - [127.0.0.1]: continuar:[NO]
2014-08-20T10:59:19-04:00 INFO - [127.0.0.1]: rango_seleccion:[Array
(
    [0] => Array
        (
            [anho] => 2014
            [mes] => 7
            [descripcion] => 2014 - Julio
            [selected] => 
        )

    [1] => Array
        (
            [anho] => 2014
            [mes] => 8
            [descripcion] => 2014 - Agosto
            [selected] => selected
        )

)
]
2014-08-20T11:02:14-04:00 INFO - [127.0.0.1]: anho_inicio:[2014] mes_inicio:[7]
2014-08-20T11:02:14-04:00 INFO - [127.0.0.1]: anho_actual:[2014] mes_actual:[8]
2014-08-20T11:02:14-04:00 INFO - [127.0.0.1]: continuar:[NO]
2014-08-20T11:02:14-04:00 INFO - [127.0.0.1]: rango_seleccion:[Array
(
    [0] => Array
        (
            [anho] => 2014
            [mes] => 7
            [descripcion] => 2014 - Julio
            [selected] => 
        )

    [1] => Array
        (
            [anho] => 2014
            [mes] => 8
            [descripcion] => 2014 - Agosto
            [selected] => selected
        )

)
]
2014-08-20T11:02:46-04:00 INFO - [127.0.0.1]: anho_inicio:[2014] mes_inicio:[7]
2014-08-20T11:02:46-04:00 INFO - [127.0.0.1]: anho_actual:[2014] mes_actual:[8]
2014-08-20T11:02:46-04:00 INFO - [127.0.0.1]: continuar:[NO]
2014-08-20T11:02:46-04:00 INFO - [127.0.0.1]: rango_seleccion:[Array
(
    [0] => Array
        (
            [anho] => 2014
            [mes] => 7
            [descripcion] => 2014 - Julio
            [selected] => 
        )

    [1] => Array
        (
            [anho] => 2014
            [mes] => 8
            [descripcion] => 2014 - Agosto
            [selected] => selected
        )

)
]
2014-08-20T11:03:42-04:00 INFO - [127.0.0.1]: anho_inicio:[2014] mes_inicio:[7]
2014-08-20T11:03:42-04:00 INFO - [127.0.0.1]: anho_actual:[2014] mes_actual:[8]
2014-08-20T11:03:42-04:00 INFO - [127.0.0.1]: continuar:[NO]
2014-08-20T11:03:42-04:00 INFO - [127.0.0.1]: rango_seleccion:[Array
(
    [0] => Array
        (
            [anho] => 2014
            [mes] => 7
            [descripcion] => 2014 - Julio
            [selected] => 
        )

    [1] => Array
        (
            [anho] => 2014
            [mes] => 8
            [descripcion] => 2014 - Agosto
            [selected] => selected
        )

)
]
2014-08-20T11:04:59-04:00 INFO - [127.0.0.1]: anho_inicio:[2014] mes_inicio:[7]
2014-08-20T11:04:59-04:00 INFO - [127.0.0.1]: anho_actual:[2014] mes_actual:[8]
2014-08-20T11:04:59-04:00 INFO - [127.0.0.1]: continuar:[NO]
2014-08-20T11:04:59-04:00 INFO - [127.0.0.1]: rango_seleccion:[Array
(
    [0] => Array
        (
            [anho] => 2014
            [mes] => 7
            [descripcion] => 2014 - Julio
            [selected] => 
        )

    [1] => Array
        (
            [anho] => 2014
            [mes] => 8
            [descripcion] => 2014 - Agosto
            [selected] => selected
        )

)
]
2014-08-20T11:09:14-04:00 INFO - [127.0.0.1]: anho_inicio:[2014] mes_inicio:[7]
2014-08-20T11:09:14-04:00 INFO - [127.0.0.1]: anho_actual:[2014] mes_actual:[8]
2014-08-20T11:09:14-04:00 INFO - [127.0.0.1]: continuar:[NO]
2014-08-20T11:09:14-04:00 INFO - [127.0.0.1]: rango_seleccion:[Array
(
    [0] => Array
        (
            [anho] => 2014
            [mes] => 7
            [descripcion] => 2014 - Julio
            [selected] => 
        )

    [1] => Array
        (
            [anho] => 2014
            [mes] => 8
            [descripcion] => 2014 - Agosto
            [selected] => selected
        )

)
]
2014-08-20T11:10:08-04:00 INFO - [127.0.0.1]: anho_inicio:[2014] mes_inicio:[7]
2014-08-20T11:10:08-04:00 INFO - [127.0.0.1]: anho_actual:[2014] mes_actual:[8]
2014-08-20T11:10:08-04:00 INFO - [127.0.0.1]: continuar:[NO]
2014-08-20T11:10:08-04:00 INFO - [127.0.0.1]: rango_seleccion:[Array
(
    [0] => Array
        (
            [anho] => 2014
            [mes] => 7
            [descripcion] => 2014 - Julio
            [selected] => 
        )

    [1] => Array
        (
            [anho] => 2014
            [mes] => 8
            [descripcion] => 2014 - Agosto
            [selected] => selected
        )

)
]
2014-08-20T11:12:56-04:00 INFO - [127.0.0.1]: anho_inicio:[2014] mes_inicio:[7]
2014-08-20T11:12:56-04:00 INFO - [127.0.0.1]: anho_actual:[2014] mes_actual:[8]
2014-08-20T11:12:56-04:00 INFO - [127.0.0.1]: continuar:[NO]
2014-08-20T11:12:56-04:00 INFO - [127.0.0.1]: rango_seleccion:[Array
(
    [0] => Array
        (
            [anho] => 2014
            [mes] => 7
            [descripcion] => 2014 - Julio
            [selected] => 
        )

    [1] => Array
        (
            [anho] => 2014
            [mes] => 8
            [descripcion] => 2014 - Agosto
            [selected] => selected
        )

)
]
2014-08-20T11:23:35-04:00 INFO - [127.0.0.1]: anho_inicio:[2014] mes_inicio:[7]
2014-08-20T11:23:35-04:00 INFO - [127.0.0.1]: anho_actual:[2014] mes_actual:[8]
2014-08-20T11:23:35-04:00 INFO - [127.0.0.1]: continuar:[NO]
2014-08-20T11:23:35-04:00 INFO - [127.0.0.1]: rango_seleccion:[Array
(
    [0] => Array
        (
            [anho] => 2014
            [mes] => 7
            [descripcion] => 2014 - Julio
            [selected] => 
        )

    [1] => Array
        (
            [anho] => 2014
            [mes] => 8
            [descripcion] => 2014 - Agosto
            [selected] => selected
        )

)
]
2014-08-20T11:24:32-04:00 INFO - [127.0.0.1]: anho_inicio:[2014] mes_inicio:[7]
2014-08-20T11:24:32-04:00 INFO - [127.0.0.1]: anho_actual:[2014] mes_actual:[8]
2014-08-20T11:24:32-04:00 INFO - [127.0.0.1]: continuar:[NO]
2014-08-20T11:24:32-04:00 INFO - [127.0.0.1]: rango_seleccion:[Array
(
    [0] => Array
        (
            [anho] => 2014
            [mes] => 7
            [descripcion] => 2014 - Julio
            [selected] => 
        )

    [1] => Array
        (
            [anho] => 2014
            [mes] => 8
            [descripcion] => 2014 - Agosto
            [selected] => selected
        )

)
]
2014-08-20T11:25:39-04:00 INFO - [127.0.0.1]: anho_inicio:[2014] mes_inicio:[7]
2014-08-20T11:25:39-04:00 INFO - [127.0.0.1]: anho_actual:[2014] mes_actual:[8]
2014-08-20T11:25:39-04:00 INFO - [127.0.0.1]: continuar:[NO]
2014-08-20T11:25:39-04:00 INFO - [127.0.0.1]: rango_seleccion:[Array
(
    [0] => Array
        (
            [anho] => 2014
            [mes] => 7
            [descripcion] => 2014 - Julio
            [selected] => 
        )

    [1] => Array
        (
            [anho] => 2014
            [mes] => 8
            [descripcion] => 2014 - Agosto
            [selected] => selected
        )

)
]
2014-08-20T11:26:05-04:00 INFO - [127.0.0.1]: anho_inicio:[2014] mes_inicio:[7]
2014-08-20T11:26:05-04:00 INFO - [127.0.0.1]: anho_actual:[2014] mes_actual:[8]
2014-08-20T11:26:05-04:00 INFO - [127.0.0.1]: continuar:[NO]
2014-08-20T11:26:05-04:00 INFO - [127.0.0.1]: rango_seleccion:[Array
(
    [0] => Array
        (
            [anho] => 2014
            [mes] => 7
            [descripcion] => 2014 - Julio
            [selected] => 
        )

    [1] => Array
        (
            [anho] => 2014
            [mes] => 8
            [descripcion] => 2014 - Agosto
            [selected] => selected
        )

)
]
2014-08-20T11:31:05-04:00 INFO - [127.0.0.1]: anho_inicio:[2014] mes_inicio:[7]
2014-08-20T11:31:05-04:00 INFO - [127.0.0.1]: anho_actual:[2014] mes_actual:[8]
2014-08-20T11:31:05-04:00 INFO - [127.0.0.1]: continuar:[NO]
2014-08-20T11:31:05-04:00 INFO - [127.0.0.1]: rango_seleccion:[Array
(
    [0] => Array
        (
            [anho] => 2014
            [mes] => 7
            [descripcion] => 2014 - Julio
            [selected] => 
        )

    [1] => Array
        (
            [anho] => 2014
            [mes] => 8
            [descripcion] => 2014 - Agosto
            [selected] => selected
        )

)
]
2014-08-20T11:31:17-04:00 INFO - [127.0.0.1]: anho_inicio:[2014] mes_inicio:[7]
2014-08-20T11:31:17-04:00 INFO - [127.0.0.1]: anho_actual:[2014] mes_actual:[8]
2014-08-20T11:31:17-04:00 INFO - [127.0.0.1]: continuar:[NO]
2014-08-20T11:31:17-04:00 INFO - [127.0.0.1]: rango_seleccion:[Array
(
    [0] => Array
        (
            [anho] => 2014
            [mes] => 7
            [descripcion] => 2014 - Julio
            [selected] => 
        )

    [1] => Array
        (
            [anho] => 2014
            [mes] => 8
            [descripcion] => 2014 - Agosto
            [selected] => selected
        )

)
]
2014-08-20T11:32:01-04:00 INFO - [127.0.0.1]: anho_inicio:[2014] mes_inicio:[7]
2014-08-20T11:32:01-04:00 INFO - [127.0.0.1]: anho_actual:[2014] mes_actual:[8]
2014-08-20T11:32:01-04:00 INFO - [127.0.0.1]: continuar:[NO]
2014-08-20T11:32:01-04:00 INFO - [127.0.0.1]: rango_seleccion:[Array
(
    [0] => Array
        (
            [anho] => 2014
            [mes] => 7
            [descripcion] => 2014 - Julio
            [selected] => 
        )

    [1] => Array
        (
            [anho] => 2014
            [mes] => 8
            [descripcion] => 2014 - Agosto
            [selected] => selected
        )

)
]
2014-08-20T11:33:32-04:00 INFO - [127.0.0.1]: anho_inicio:[2014] mes_inicio:[7]
2014-08-20T11:33:32-04:00 INFO - [127.0.0.1]: anho_actual:[2014] mes_actual:[8]
2014-08-20T11:33:32-04:00 INFO - [127.0.0.1]: continuar:[NO]
2014-08-20T11:33:32-04:00 INFO - [127.0.0.1]: rango_seleccion:[Array
(
    [0] => Array
        (
            [anho] => 2014
            [mes] => 7
            [descripcion] => 2014 - Julio
            [selected] => 
        )

    [1] => Array
        (
            [anho] => 2014
            [mes] => 8
            [descripcion] => 2014 - Agosto
            [selected] => selected
        )

)
]
2014-08-20T11:38:10-04:00 INFO - [127.0.0.1]: anho_inicio:[2014] mes_inicio:[7]
2014-08-20T11:38:10-04:00 INFO - [127.0.0.1]: anho_actual:[2014] mes_actual:[8]
2014-08-20T11:38:10-04:00 INFO - [127.0.0.1]: continuar:[NO]
2014-08-20T11:38:10-04:00 INFO - [127.0.0.1]: rango_seleccion:[Array
(
    [0] => Array
        (
            [anho] => 2014
            [mes] => 7
            [descripcion] => 2014 - Julio
            [selected] => 
        )

    [1] => Array
        (
            [anho] => 2014
            [mes] => 8
            [descripcion] => 2014 - Agosto
            [selected] => selected
        )

)
]
2014-08-20T11:39:00-04:00 INFO - [127.0.0.1]: index
2014-08-20T11:39:02-04:00 INFO - [127.0.0.1]: LOGIN:[daas]
2014-08-20T11:39:02-04:00 INFO - [127.0.0.1]: anho_inicio:[2014] mes_inicio:[7]
2014-08-20T11:39:02-04:00 INFO - [127.0.0.1]: anho_actual:[2014] mes_actual:[8]
2014-08-20T11:39:02-04:00 INFO - [127.0.0.1]: continuar:[NO]
2014-08-20T11:39:02-04:00 INFO - [127.0.0.1]: rango_seleccion:[Array
(
    [0] => Array
        (
            [anho] => 2014
            [mes] => 7
            [descripcion] => 2014 - Julio
            [selected] => 
        )

    [1] => Array
        (
            [anho] => 2014
            [mes] => 8
            [descripcion] => 2014 - Agosto
            [selected] => selected
        )

)
]
