2014-07-31T11:48:23-04:00 INFO - [127.0.0.1]: Array
(
    [mensaje] => sfsfs
    [cel] => sfsf
)

2014-07-31T12:19:15-04:00 INFO - [127.0.0.1]: Array
(
    [mensaje] => mierda 
    [cel] => 0982313289
)

2014-07-31T12:20:47-04:00 INFO - [127.0.0.1]: Array
(
    [mensaje] => mierda 
    [cel] => 0982313289
)

2014-07-31T12:21:19-04:00 INFO - [127.0.0.1]: Array
(
    [mensaje] => carajo
    [cel] => 0982313289
)

2014-07-31T12:23:31-04:00 INFO - [127.0.0.1]: Array
(
    [mensaje] => carajo
    [cel] => 0971595457
)

2014-07-31T12:24:33-04:00 INFO - [127.0.0.1]: Array
(
    [mensaje] => q te pario
    [cel] => 0971595457
)

2014-07-31T12:25:44-04:00 INFO - [127.0.0.1]: Array
(
    [mensaje] => mierda andate a la puta
    [cel] => 0971595457
)

2014-07-31T12:25:57-04:00 INFO - [127.0.0.1]: Array
(
    [mensaje] => jaja
    [cel] => 0971595457
)

2014-07-31T12:26:32-04:00 INFO - [127.0.0.1]: Array
(
    [mensaje] => probando 1
    [cel] => 0971595457
)

2014-07-31T12:28:15-04:00 INFO - [127.0.0.1]: Array
(
    [mensaje] => carajo
    [cel] => 0982313289
)

2014-07-31T12:31:54-04:00 INFO - [127.0.0.1]: Array
(
    [mensaje] => 
    [cel] => 
)

2014-07-31T12:31:56-04:00 INFO - [127.0.0.1]: Array
(
    [mensaje] => 
    [cel] => 
)

2014-07-31T12:32:59-04:00 INFO - [127.0.0.1]: Array
(
    [mensaje] => carajo
    [cel] => 0982313289
)

2014-07-31T12:35:08-04:00 INFO - [127.0.0.1]: Array
(
    [mensaje] => ajljaljf
    [cel] => 0982313289
)

2014-07-31T12:39:15-04:00 INFO - [127.0.0.1]: Array
(
    [mensaje] => ok
    [cel] => 0961545454
)

2014-07-31T12:39:33-04:00 INFO - [127.0.0.1]: Array
(
    [mensaje] => kp
    [cel] => 0961545454
)

2014-07-31T12:40:29-04:00 INFO - [127.0.0.1]: Array
(
    [mensaje] => otro mas
    [cel] => 0982313289
)

